-------------------------------------------------------------------------------
Test set: automationFramework.Navigation_TestCase
-------------------------------------------------------------------------------
Tests run: 26, Failures: 2, Errors: 3, Skipped: 0, Time elapsed: 559.691 sec <<< FAILURE! - in automationFramework.Navigation_TestCase
goToTwitterPageFromFooter(automationFramework.Navigation_TestCase)  Time elapsed: 33.363 sec  <<< FAILURE!
java.lang.AssertionError
	at automationFramework.Navigation_TestCase.goToTwitterPageFromFooter(Navigation_TestCase.java:226)

goToSignUpPageFromVideosAndGuidesConditionPage(automationFramework.Navigation_TestCase)  Time elapsed: 75.904 sec  <<< ERROR!
org.openqa.selenium.TimeoutException: Expected condition failed: waiting for visibility of element located by By.cssSelector: .button.signup (tried for 10 second(s) with 500 MILLISECONDS interval)
	at automationFramework.Navigation_TestCase.goToSignUpPageFromVideosAndGuidesConditionPage(Navigation_TestCase.java:301)
Caused by: org.openqa.selenium.NoSuchElementException: 
Cannot locate an element using By.cssSelector: .button.signup
For documentation on this error, please visit: http://seleniumhq.org/exceptions/no_such_element.html
Build info: version: '3.1.0', revision: 'b94c902', time: '2017-02-16 12:21:31 -0800'
System info: host: 'Crispus-PC', ip: '192.168.0.102', os.name: 'Windows 7', os.arch: 'amd64', os.version: '6.1', java.version: '1.8.0_91'
Driver info: driver.version: unknown
	at automationFramework.Navigation_TestCase.goToSignUpPageFromVideosAndGuidesConditionPage(Navigation_TestCase.java:301)

goToWriteAReviewPageFromTreatmentRatingsConditionPage(automationFramework.Navigation_TestCase)  Time elapsed: 69.645 sec  <<< ERROR!
org.openqa.selenium.TimeoutException: 
Expected condition failed: waiting for presence of any elements located by By.cssSelector: .banner-cta .button-cta span (tried for 10 second(s) with 500 MILLISECONDS interval)
Build info: version: '3.1.0', revision: 'b94c902', time: '2017-02-16 12:21:31 -0800'
System info: host: 'Crispus-PC', ip: '192.168.0.102', os.name: 'Windows 7', os.arch: 'amd64', os.version: '6.1', java.version: '1.8.0_91'
Driver info: org.openqa.selenium.chrome.ChromeDriver
Capabilities [{applicationCacheEnabled=false, rotatable=false, mobileEmulationEnabled=false, networkConnectionEnabled=false, chrome={chromedriverVersion=2.28.455520 (cc17746adff54984afff480136733114c6b3704b), userDataDir=C:\Users\Crispus\AppData\Local\Temp\scoped_dir8884_18819}, takesHeapSnapshot=true, pageLoadStrategy=normal, databaseEnabled=false, handlesAlerts=true, hasTouchScreen=false, version=56.0.2924.87, platform=XP, browserConnectionEnabled=false, nativeEvents=true, acceptSslCerts=true, locationContextEnabled=true, webStorageEnabled=true, browserName=chrome, takesScreenshot=true, javascriptEnabled=true, cssSelectorsEnabled=true, unexpectedAlertBehaviour=}]
Session ID: 5a4ee19de73004df4024fc7ebf4d5361
	at automationFramework.Navigation_TestCase.goToWriteAReviewPageFromTreatmentRatingsConditionPage(Navigation_TestCase.java:312)

goToFacebookPageFromFooter(automationFramework.Navigation_TestCase)  Time elapsed: 33.16 sec  <<< FAILURE!
java.lang.AssertionError
	at automationFramework.Navigation_TestCase.goToFacebookPageFromFooter(Navigation_TestCase.java:216)

goToFirstStepOfCoachingProgramFromTreatmentRatingsConditionPage(automationFramework.Navigation_TestCase)  Time elapsed: 32.847 sec  <<< ERROR!
java.lang.IndexOutOfBoundsException: Index: 1, Size: 1
	at automationFramework.Navigation_TestCase.goToFirstStepOfCoachingProgramFromTreatmentRatingsConditionPage(Navigation_TestCase.java:274)

